<?xml version="1.0" encoding="UTF-8"?>
<!-- Generated by org.testng.reporters.JUnitReportReporter -->
<testsuite skipped="0" hostname="DESKTOP-P52D93K" name="muttu11.Test1" tests="1" failures="0" timestamp="31 Mar 2019 11:40:42 GMT" time="0.017" errors="0">
  <testcase name="test1" time="0.017" classname="muttu11.Test1"/>
</testsuite> <!-- muttu11.Test1 -->
