<?xml version="1.0" encoding="UTF-8"?>
<!-- Generated by org.testng.reporters.JUnitReportReporter -->
<testsuite skipped="0" hostname="DESKTOP-P52D93K" name="dataDriver.GetData" tests="20" failures="0" timestamp="01 Apr 2019 14:04:47 GMT" time="0.035" errors="0">
  <testcase name="test12" time="0.002" classname="dataDriver.GetData"/>
  <testcase name="test12" time="0.001" classname="dataDriver.GetData"/>
  <testcase name="test12" time="0.001" classname="dataDriver.GetData"/>
  <testcase name="test12" time="0.000" classname="dataDriver.GetData"/>
  <testcase name="test12" time="0.001" classname="dataDriver.GetData"/>
  <testcase name="test12" time="0.001" classname="dataDriver.GetData"/>
  <testcase name="test12" time="0.005" classname="dataDriver.GetData"/>
  <testcase name="test12" time="0.001" classname="dataDriver.GetData"/>
  <testcase name="test12" time="0.002" classname="dataDriver.GetData"/>
  <testcase name="test12" time="0.002" classname="dataDriver.GetData"/>
  <testcase name="test12" time="0.001" classname="dataDriver.GetData"/>
  <testcase name="test12" time="0.002" classname="dataDriver.GetData"/>
  <testcase name="test12" time="0.001" classname="dataDriver.GetData"/>
  <testcase name="test12" time="0.001" classname="dataDriver.GetData"/>
  <testcase name="test12" time="0.001" classname="dataDriver.GetData"/>
  <testcase name="test12" time="0.001" classname="dataDriver.GetData"/>
  <testcase name="test12" time="0.001" classname="dataDriver.GetData"/>
  <testcase name="test12" time="0.009" classname="dataDriver.GetData"/>
  <testcase name="test12" time="0.001" classname="dataDriver.GetData"/>
  <testcase name="test12" time="0.001" classname="dataDriver.GetData"/>
</testsuite> <!-- dataDriver.GetData -->
