<?xml version="1.0" encoding="UTF-8"?>
<!-- Generated by org.testng.reporters.JUnitReportReporter -->
<testsuite skipped="0" hostname="DESKTOP-P52D93K" name="dataDriver.LoginTest" tests="20" failures="0" timestamp="01 Apr 2019 14:06:36 GMT" time="0.049" errors="0">
  <testcase name="test12" time="0.003" classname="dataDriver.LoginTest"/>
  <testcase name="test12" time="0.001" classname="dataDriver.LoginTest"/>
  <testcase name="test12" time="0.002" classname="dataDriver.LoginTest"/>
  <testcase name="test12" time="0.002" classname="dataDriver.LoginTest"/>
  <testcase name="test12" time="0.001" classname="dataDriver.LoginTest"/>
  <testcase name="test12" time="0.005" classname="dataDriver.LoginTest"/>
  <testcase name="test12" time="0.001" classname="dataDriver.LoginTest"/>
  <testcase name="test12" time="0.008" classname="dataDriver.LoginTest"/>
  <testcase name="test12" time="0.001" classname="dataDriver.LoginTest"/>
  <testcase name="test12" time="0.001" classname="dataDriver.LoginTest"/>
  <testcase name="test12" time="0.004" classname="dataDriver.LoginTest"/>
  <testcase name="test12" time="0.002" classname="dataDriver.LoginTest"/>
  <testcase name="test12" time="0.002" classname="dataDriver.LoginTest"/>
  <testcase name="test12" time="0.003" classname="dataDriver.LoginTest"/>
  <testcase name="test12" time="0.002" classname="dataDriver.LoginTest"/>
  <testcase name="test12" time="0.003" classname="dataDriver.LoginTest"/>
  <testcase name="test12" time="0.001" classname="dataDriver.LoginTest"/>
  <testcase name="test12" time="0.001" classname="dataDriver.LoginTest"/>
  <testcase name="test12" time="0.004" classname="dataDriver.LoginTest"/>
  <testcase name="test12" time="0.002" classname="dataDriver.LoginTest"/>
</testsuite> <!-- dataDriver.LoginTest -->
