<?xml version="1.0" encoding="UTF-8"?>
<!-- Generated by org.testng.reporters.JUnitReportReporter -->
<testsuite skipped="0" hostname="DESKTOP-P52D93K" name="muttu11.LoginTest" tests="1" failures="0" timestamp="01 Apr 2019 18:17:09 GMT" time="32.627" errors="0">
  <testcase name="test1" time="32.627" classname="muttu11.LoginTest"/>
</testsuite> <!-- muttu11.LoginTest -->
