<?xml version="1.0" encoding="UTF-8"?>
<!-- Generated by org.testng.reporters.JUnitReportReporter -->
<testsuite skipped="0" hostname="DESKTOP-P52D93K" name="muttu11.LoginTest" tests="1" failures="0" timestamp="02 Apr 2019 08:24:21 GMT" time="24.842" errors="0">
  <testcase name="test1" time="24.842" classname="muttu11.LoginTest"/>
</testsuite> <!-- muttu11.LoginTest -->
